<?xml version="1.0" encoding="utf-8"?>
<test-run id="2" testcasecount="40" result="Passed" total="40" passed="40" failed="0" inconclusive="0" skipped="0" asserts="0" engine-version="3.5.0.0" clr-version="4.0.30319.42000" start-time="2026-07-07 09:07:24Z" end-time="2026-07-07 09:07:26Z" duration="2.6047746">
  <test-suite type="TestSuite" id="1054" name="Last Host" fullname="Last Host" runstate="Runnable" testcasecount="40" result="Passed" start-time="2026-07-07 09:07:24Z" end-time="2026-07-07 09:07:26Z" duration="2.604775" total="40" passed="40" failed="0" inconclusive="0" skipped="0" asserts="0">
    <properties>
      <property name="platform" value="EditMode" />
    </properties>
    <test-suite type="Assembly" id="1042" name="LastHost.Prototype.Tests.dll" fullname="C:/project/Last-Host/UnityProject/Library/ScriptAssemblies/LastHost.Prototype.Tests.dll" runstate="Runnable" testcasecount="40" result="Passed" start-time="2026-07-07 09:07:24Z" end-time="2026-07-07 09:07:26Z" duration="2.602239" total="40" passed="40" failed="0" inconclusive="0" skipped="0" asserts="0">
      <properties>
        <property name="_PID" value="20264" />
        <property name="_APPDOMAIN" value="Unity Child Domain" />
        <property name="platform" value="EditMode" />
        <property name="EditorOnly" value="True" />
      </properties>
      <test-suite type="TestSuite" id="1043" name="LastHost" fullname="LastHost" runstate="Runnable" testcasecount="40" result="Passed" start-time="2026-07-07 09:07:24Z" end-time="2026-07-07 09:07:26Z" duration="2.601741" total="40" passed="40" failed="0" inconclusive="0" skipped="0" asserts="0">
        <properties />
        <test-suite type="TestSuite" id="1044" name="Prototype" fullname="LastHost.Prototype" runstate="Runnable" testcasecount="40" result="Passed" start-time="2026-07-07 09:07:24Z" end-time="2026-07-07 09:07:26Z" duration="2.601288" total="40" passed="40" failed="0" inconclusive="0" skipped="0" asserts="0">
          <properties />
          <test-suite type="TestSuite" id="1045" name="Tests" fullname="LastHost.Prototype.Tests" runstate="Runnable" testcasecount="40" result="Passed" start-time="2026-07-07 09:07:24Z" end-time="2026-07-07 09:07:26Z" duration="2.600856" total="40" passed="40" failed="0" inconclusive="0" skipped="0" asserts="0">
            <properties />
            <test-suite type="TestSuite" id="1046" name="EditMode" fullname="LastHost.Prototype.Tests.EditMode" runstate="Runnable" testcasecount="40" result="Passed" start-time="2026-07-07 09:07:24Z" end-time="2026-07-07 09:07:26Z" duration="2.600415" total="40" passed="40" failed="0" inconclusive="0" skipped="0" asserts="0">
              <properties />
              <test-suite type="TestFixture" id="1001" name="RatHostPrototypeCoreTests" fullname="LastHost.Prototype.Tests.EditMode.RatHostPrototypeCoreTests" classname="LastHost.Prototype.Tests.EditMode.RatHostPrototypeCoreTests" runstate="Runnable" testcasecount="40" result="Passed" start-time="2026-07-07 09:07:24Z" end-time="2026-07-07 09:07:26Z" duration="2.599676" total="40" passed="40" failed="0" inconclusive="0" skipped="0" asserts="0">
                <properties />
                <test-case id="1019" name="HostInstinctControlSpike_MovementAwayFromDangerResetsForcedControlHold" fullname="LastHost.Prototype.Tests.EditMode.RatHostPrototypeCoreTests.HostInstinctControlSpike_MovementAwayFromDangerResetsForcedControlHold" methodname="HostInstinctControlSpike_MovementAwayFromDangerResetsForcedControlHold" classname="LastHost.Prototype.Tests.EditMode.RatHostPrototypeCoreTests" runstate="Runnable" seed="704414569" result="Passed" start-time="2026-07-07 09:07:24Z" end-time="2026-07-07 09:07:24Z" duration="0.000054" asserts="0">
                  <properties>
                    <property name="retryIteration" value="0" />
                    <property name="repeatIteration" value="0" />
                  </properties>
                </test-case>
                <test-case id="1018" name="HostInstinctControlSpike_RepeatedInputTowardDangerTriggersForcedControlOnce" fullname="LastHost.Prototype.Tests.EditMode.RatHostPrototypeCoreTests.HostInstinctControlSpike_RepeatedInputTowardDangerTriggersForcedControlOnce" methodname="HostInstinctControlSpike_RepeatedInputTowardDangerTriggersForcedControlOnce" classname="LastHost.Prototype.Tests.EditMode.RatHostPrototypeCoreTests" runstate="Runnable" seed="2008378685" result="Passed" start-time="2026-07-07 09:07:24Z" end-time="2026-07-07 09:07:24Z" duration="0.000029" asserts="0">
                  <properties>
                    <property name="retryIteration" value="0" />
                    <property name="repeatIteration" value="0" />
                  </properties>
                </test-case>
                <test-case id="1002" name="ImmuneAlert_ReachesThresholdOnce_AndCanResetForNextLoop" fullname="LastHost.Prototype.Tests.EditMode.RatHostPrototypeCoreTests.ImmuneAlert_ReachesThresholdOnce_AndCanResetForNextLoop" methodname="ImmuneAlert_ReachesThresholdOnce_AndCanResetForNextLoop" classname="LastHost.Prototype.Tests.EditMode.RatHostPrototypeCoreTests" runstate="Runnable" seed="1268265323" result="Passed" start-time="2026-07-07 09:07:24Z" end-time="2026-07-07 09:07:24Z" duration="0.000037" asserts="0">
                  <properties>
                    <property name="retryIteration" value="0" />
                    <property name="repeatIteration" value="0" />
                  </properties>
                </test-case>
                <test-case id="1020" name="ImmuneRiskZone_ForcedControlSpikeStoresFeedbackWithoutHostDamage" fullname="LastHost.Prototype.Tests.EditMode.RatHostPrototypeCoreTests.ImmuneRiskZone_ForcedControlSpikeStoresFeedbackWithoutHostDamage" methodname="ImmuneRiskZone_ForcedControlSpikeStoresFeedbackWithoutHostDamage" classname="LastHost.Prototype.Tests.EditMode.RatHostPrototypeCoreTests" runstate="Runnable" seed="1621037253" result="Passed" start-time="2026-07-07 09:07:24Z" end-time="2026-07-07 09:07:24Z" duration="0.000301" asserts="0">
                  <properties>
                    <property name="retryIteration" value="0" />
                    <property name="repeatIteration" value="0" />
                  </properties>
                </test-case>
                <test-case id="1016" name="ImmuneRiskZone_InternalVirusModeExposureDoesNotChangeImmuneAlertOrHostHealth" fullname="LastHost.Prototype.Tests.EditMode.RatHostPrototypeCoreTests.ImmuneRiskZone_InternalVirusModeExposureDoesNotChangeImmuneAlertOrHostHealth" methodname="ImmuneRiskZone_InternalVirusModeExposureDoesNotChangeImmuneAlertOrHostHealth" classname="LastHost.Prototype.Tests.EditMode.RatHostPrototypeCoreTests" runstate="Runnable" seed="272657556" result="Passed" start-time="2026-07-07 09:07:24Z" end-time="2026-07-07 09:07:24Z" duration="0.000219" asserts="0">
                  <properties>
                    <property name="retryIteration" value="0" />
                    <property name="repeatIteration" value="0" />
                  </properties>
                </test-case>
                <test-case id="1017" name="ImmuneRiskZone_MutationReturnGraceSuppressesImmediateContaminationOnly" fullname="LastHost.Prototype.Tests.EditMode.RatHostPrototypeCoreTests.ImmuneRiskZone_MutationReturnGraceSuppressesImmediateContaminationOnly" methodname="ImmuneRiskZone_MutationReturnGraceSuppressesImmediateContaminationOnly" classname="LastHost.Prototype.Tests.EditMode.RatHostPrototypeCoreTests" runstate="Runnable" seed="1032414316" result="Passed" start-time="2026-07-07 09:07:24Z" end-time="2026-07-07 09:07:24Z" duration="0.000190" asserts="0">
                  <properties>
                    <property name="retryIteration" value="0" />
                    <property name="repeatIteration" value="0" />
                  </properties>
                </test-case>
                <test-case id="1015" name="ImmuneRiskZone_NonRatStayDoesNotChangeImmuneAlertOrHostHealth" fullname="LastHost.Prototype.Tests.EditMode.RatHostPrototypeCoreTests.ImmuneRiskZone_NonRatStayDoesNotChangeImmuneAlertOrHostHealth" methodname="ImmuneRiskZone_NonRatStayDoesNotChangeImmuneAlertOrHostHealth" classname="LastHost.Prototype.Tests.EditMode.RatHostPrototypeCoreTests" runstate="Runnable" seed="950839250" result="Passed" start-time="2026-07-07 09:07:24Z" end-time="2026-07-07 09:07:24Z" duration="0.000143" asserts="0">
                  <properties>
                    <property name="retryIteration" value="0" />
                    <property name="repeatIteration" value="0" />
                  </properties>
                </test-case>
                <test-case id="1021" name="ImmuneRiskZone_OverlappingRatBoundsStoresContaminationFeedbackWithoutTriggerCallback" fullname="LastHost.Prototype.Tests.EditMode.RatHostPrototypeCoreTests.ImmuneRiskZone_OverlappingRatBoundsStoresContaminationFeedbackWithoutTriggerCallback" methodname="ImmuneRiskZone_OverlappingRatBoundsStoresContaminationFeedbackWithoutTriggerCallback" classname="LastHost.Prototype.Tests.EditMode.RatHostPrototypeCoreTests" runstate="Runnable" seed="365523613" result="Passed" start-time="2026-07-07 09:07:24Z" end-time="2026-07-07 09:07:24Z" duration="0.000297" asserts="0">
                  <properties>
                    <property name="retryIteration" value="0" />
                    <property name="repeatIteration" value="0" />
                  </properties>
                </test-case>
                <test-case id="1014" name="ImmuneRiskZone_RatStayStoresContaminationFeedbackAndActualDelta" fullname="LastHost.Prototype.Tests.EditMode.RatHostPrototypeCoreTests.ImmuneRiskZone_RatStayStoresContaminationFeedbackAndActualDelta" methodname="ImmuneRiskZone_RatStayStoresContaminationFeedbackAndActualDelta" classname="LastHost.Prototype.Tests.EditMode.RatHostPrototypeCoreTests" runstate="Runnable" seed="722993264" result="Passed" start-time="2026-07-07 09:07:24Z" end-time="2026-07-07 09:07:24Z" duration="0.000167" asserts="0">
                  <properties>
                    <property name="retryIteration" value="0" />
                    <property name="repeatIteration" value="0" />
                  </properties>
                </test-case>
                <test-case id="1003" name="MutationLoadout_AppliesPrototypeEffects" fullname="LastHost.Prototype.Tests.EditMode.RatHostPrototypeCoreTests.MutationLoadout_AppliesPrototypeEffects" methodname="MutationLoadout_AppliesPrototypeEffects" classname="LastHost.Prototype.Tests.EditMode.RatHostPrototypeCoreTests" runstate="Runnable" seed="2052253566" result="Passed" start-time="2026-07-07 09:07:24Z" end-time="2026-07-07 09:07:24Z" duration="0.000043" asserts="0">
                  <properties>
                    <property name="retryIteration" value="0" />
                    <property name="repeatIteration" value="0" />
                  </properties>
                </test-case>
                <test-case id="1032" name="PrototypeCameraController_CyclesThroughThirdPersonQuarterViewAndTopView" fullname="LastHost.Prototype.Tests.EditMode.RatHostPrototypeCoreTests.PrototypeCameraController_CyclesThroughThirdPersonQuarterViewAndTopView" methodname="PrototypeCameraController_CyclesThroughThirdPersonQuarterViewAndTopView" classname="LastHost.Prototype.Tests.EditMode.RatHostPrototypeCoreTests" runstate="Runnable" seed="1130533777" result="Passed" start-time="2026-07-07 09:07:24Z" end-time="2026-07-07 09:07:24Z" duration="0.000134" asserts="0">
                  <properties>
                    <property name="retryIteration" value="0" />
                    <property name="repeatIteration" value="0" />
                  </properties>
                </test-case>
                <test-case id="1033" name="PrototypeCameraController_QuarterViewUsesLeftRearDominantCameraAxis" fullname="LastHost.Prototype.Tests.EditMode.RatHostPrototypeCoreTests.PrototypeCameraController_QuarterViewUsesLeftRearDominantCameraAxis" methodname="PrototypeCameraController_QuarterViewUsesLeftRearDominantCameraAxis" classname="LastHost.Prototype.Tests.EditMode.RatHostPrototypeCoreTests" runstate="Runnable" seed="1214502189" result="Passed" start-time="2026-07-07 09:07:24Z" end-time="2026-07-07 09:07:24Z" duration="0.000106" asserts="0">
                  <properties>
                    <property name="retryIteration" value="0" />
                    <property name="repeatIteration" value="0" />
                  </properties>
                </test-case>
                <test-case id="1035" name="PrototypeCameraController_ThirdPersonDoesNotOrbitWhenRatTurns" fullname="LastHost.Prototype.Tests.EditMode.RatHostPrototypeCoreTests.PrototypeCameraController_ThirdPersonDoesNotOrbitWhenRatTurns" methodname="PrototypeCameraController_ThirdPersonDoesNotOrbitWhenRatTurns" classname="LastHost.Prototype.Tests.EditMode.RatHostPrototypeCoreTests" runstate="Runnable" seed="761028647" result="Passed" start-time="2026-07-07 09:07:24Z" end-time="2026-07-07 09:07:24Z" duration="0.000102" asserts="0">
                  <properties>
                    <property name="retryIteration" value="0" />
                    <property name="repeatIteration" value="0" />
                  </properties>
                </test-case>
                <test-case id="1034" name="PrototypeCameraController_TopViewLooksStraightDown" fullname="LastHost.Prototype.Tests.EditMode.RatHostPrototypeCoreTests.PrototypeCameraController_TopViewLooksStraightDown" methodname="PrototypeCameraController_TopViewLooksStraightDown" classname="LastHost.Prototype.Tests.EditMode.RatHostPrototypeCoreTests" runstate="Runnable" seed="1565967971" result="Passed" start-time="2026-07-07 09:07:24Z" end-time="2026-07-07 09:07:24Z" duration="0.000118" asserts="0">
                  <properties>
                    <property name="retryIteration" value="0" />
                    <property name="repeatIteration" value="0" />
                  </properties>
                </test-case>
                <test-case id="1024" name="PrototypeHud_ReturnsToRiskPromptAfterImmuneAlertFeedbackExpires" fullname="LastHost.Prototype.Tests.EditMode.RatHostPrototypeCoreTests.PrototypeHud_ReturnsToRiskPromptAfterImmuneAlertFeedbackExpires" methodname="PrototypeHud_ReturnsToRiskPromptAfterImmuneAlertFeedbackExpires" classname="LastHost.Prototype.Tests.EditMode.RatHostPrototypeCoreTests" runstate="Runnable" seed="1978157818" result="Passed" start-time="2026-07-07 09:07:24Z" end-time="2026-07-07 09:07:24Z" duration="0.000221" asserts="0">
                  <properties>
                    <property name="retryIteration" value="0" />
                    <property name="repeatIteration" value="0" />
                  </properties>
                </test-case>
                <test-case id="1022" name="PrototypeHud_ShowsImmuneAlertCauseFeedbackBeforeRatObjective" fullname="LastHost.Prototype.Tests.EditMode.RatHostPrototypeCoreTests.PrototypeHud_ShowsImmuneAlertCauseFeedbackBeforeRatObjective" methodname="PrototypeHud_ShowsImmuneAlertCauseFeedbackBeforeRatObjective" classname="LastHost.Prototype.Tests.EditMode.RatHostPrototypeCoreTests" runstate="Runnable" seed="1779810832" result="Passed" start-time="2026-07-07 09:07:24Z" end-time="2026-07-07 09:07:24Z" duration="0.000154" asserts="0">
                  <properties>
                    <property name="retryIteration" value="0" />
                    <property name="repeatIteration" value="0" />
                  </properties>
                </test-case>
                <test-case id="1026" name="PrototypeHud_ShowsRiskInteractionPromptWhenRatCanInteract" fullname="LastHost.Prototype.Tests.EditMode.RatHostPrototypeCoreTests.PrototypeHud_ShowsRiskInteractionPromptWhenRatCanInteract" methodname="PrototypeHud_ShowsRiskInteractionPromptWhenRatCanInteract" classname="LastHost.Prototype.Tests.EditMode.RatHostPrototypeCoreTests" runstate="Runnable" seed="1842652783" result="Passed" start-time="2026-07-07 09:07:24Z" end-time="2026-07-07 09:07:24Z" duration="0.000151" asserts="0">
                  <properties>
                    <property name="retryIteration" value="0" />
                    <property name="repeatIteration" value="0" />
                  </properties>
                </test-case>
                <test-case id="1031" name="PrototypeKeyboardInput_ComposesCameraRelativeMovement" fullname="LastHost.Prototype.Tests.EditMode.RatHostPrototypeCoreTests.PrototypeKeyboardInput_ComposesCameraRelativeMovement" methodname="PrototypeKeyboardInput_ComposesCameraRelativeMovement" classname="LastHost.Prototype.Tests.EditMode.RatHostPrototypeCoreTests" runstate="Runnable" seed="247290225" result="Passed" start-time="2026-07-07 09:07:24Z" end-time="2026-07-07 09:07:24Z" duration="0.000065" asserts="0">
                  <properties>
                    <property name="retryIteration" value="0" />
                    <property name="repeatIteration" value="0" />
                  </properties>
                </test-case>
                <test-case id="1027" name="PrototypeKeyboardInput_ComposesNormalizedMovement" fullname="LastHost.Prototype.Tests.EditMode.RatHostPrototypeCoreTests.PrototypeKeyboardInput_ComposesNormalizedMovement" methodname="PrototypeKeyboardInput_ComposesNormalizedMovement" classname="LastHost.Prototype.Tests.EditMode.RatHostPrototypeCoreTests" runstate="Runnable" seed="311261112" result="Passed" start-time="2026-07-07 09:07:24Z" end-time="2026-07-07 09:07:24Z" duration="0.000032" asserts="0">
                  <properties>
                    <property name="retryIteration" value="0" />
                    <property name="repeatIteration" value="0" />
                  </properties>
                </test-case>
                <test-case id="1029" name="PrototypeKeyboardInput_MapsCameraToggleKey" fullname="LastHost.Prototype.Tests.EditMode.RatHostPrototypeCoreTests.PrototypeKeyboardInput_MapsCameraToggleKey" methodname="PrototypeKeyboardInput_MapsCameraToggleKey" classname="LastHost.Prototype.Tests.EditMode.RatHostPrototypeCoreTests" runstate="Runnable" seed="2022869350" result="Passed" start-time="2026-07-07 09:07:24Z" end-time="2026-07-07 09:07:24Z" duration="0.000023" asserts="0">
                  <properties>
                    <property name="retryIteration" value="0" />
                    <property name="repeatIteration" value="0" />
                  </properties>
                </test-case>
                <test-case id="1030" name="PrototypeKeyboardInput_MapsInteractKey" fullname="LastHost.Prototype.Tests.EditMode.RatHostPrototypeCoreTests.PrototypeKeyboardInput_MapsInteractKey" methodname="PrototypeKeyboardInput_MapsInteractKey" classname="LastHost.Prototype.Tests.EditMode.RatHostPrototypeCoreTests" runstate="Runnable" seed="2042339981" result="Passed" start-time="2026-07-07 09:07:24Z" end-time="2026-07-07 09:07:24Z" duration="0.000023" asserts="0">
                  <properties>
                    <property name="retryIteration" value="0" />
                    <property name="repeatIteration" value="0" />
                  </properties>
                </test-case>
                <test-case id="1028" name="PrototypeKeyboardInput_MapsMutationSelectionKeys" fullname="LastHost.Prototype.Tests.EditMode.RatHostPrototypeCoreTests.PrototypeKeyboardInput_MapsMutationSelectionKeys" methodname="PrototypeKeyboardInput_MapsMutationSelectionKeys" classname="LastHost.Prototype.Tests.EditMode.RatHostPrototypeCoreTests" runstate="Runnable" seed="841017777" result="Passed" start-time="2026-07-07 09:07:24Z" end-time="2026-07-07 09:07:24Z" duration="0.000031" asserts="0">
                  <properties>
                    <property name="retryIteration" value="0" />
                    <property name="repeatIteration" value="0" />
                  </properties>
                </test-case>
                <test-case id="1037" name="RatHostPrototypeScene_DefaultsToThirdPersonCameraController" fullname="LastHost.Prototype.Tests.EditMode.RatHostPrototypeCoreTests.RatHostPrototypeScene_DefaultsToThirdPersonCameraController" methodname="RatHostPrototypeScene_DefaultsToThirdPersonCameraController" classname="LastHost.Prototype.Tests.EditMode.RatHostPrototypeCoreTests" runstate="Runnable" seed="1303726525" result="Passed" start-time="2026-07-07 09:07:24Z" end-time="2026-07-07 09:07:24Z" duration="0.431441" asserts="0">
                  <properties>
                    <property name="retryIteration" value="0" />
                    <property name="repeatIteration" value="0" />
                  </properties>
                </test-case>
                <test-case id="1039" name="RatHostPrototypeScene_NoisyPipeIncludesReadablePipeValveMarkers" fullname="LastHost.Prototype.Tests.EditMode.RatHostPrototypeCoreTests.RatHostPrototypeScene_NoisyPipeIncludesReadablePipeValveMarkers" methodname="RatHostPrototypeScene_NoisyPipeIncludesReadablePipeValveMarkers" classname="LastHost.Prototype.Tests.EditMode.RatHostPrototypeCoreTests" runstate="Runnable" seed="1660846663" result="Passed" start-time="2026-07-07 09:07:24Z" end-time="2026-07-07 09:07:24Z" duration="0.424406" asserts="0">
                  <properties>
                    <property name="retryIteration" value="0" />
                    <property name="repeatIteration" value="0" />
                  </properties>
                </test-case>
                <test-case id="1038" name="RatHostPrototypeScene_QuarterViewOffsetUsesLeftRearDominantCameraAxis" fullname="LastHost.Prototype.Tests.EditMode.RatHostPrototypeCoreTests.RatHostPrototypeScene_QuarterViewOffsetUsesLeftRearDominantCameraAxis" methodname="RatHostPrototypeScene_QuarterViewOffsetUsesLeftRearDominantCameraAxis" classname="LastHost.Prototype.Tests.EditMode.RatHostPrototypeCoreTests" runstate="Runnable" seed="1583015059" result="Passed" start-time="2026-07-07 09:07:24Z" end-time="2026-07-07 09:07:25Z" duration="0.434203" asserts="0">
                  <properties>
                    <property name="retryIteration" value="0" />
                    <property name="repeatIteration" value="0" />
                  </properties>
                </test-case>
                <test-case id="1036" name="RatHostPrototypeScene_StartsWithRatVisibleToCamera" fullname="LastHost.Prototype.Tests.EditMode.RatHostPrototypeCoreTests.RatHostPrototypeScene_StartsWithRatVisibleToCamera" methodname="RatHostPrototypeScene_StartsWithRatVisibleToCamera" classname="LastHost.Prototype.Tests.EditMode.RatHostPrototypeCoreTests" runstate="Runnable" seed="1753961498" result="Passed" start-time="2026-07-07 09:07:25Z" end-time="2026-07-07 09:07:25Z" duration="0.436141" asserts="0">
                  <properties>
                    <property name="retryIteration" value="0" />
                    <property name="repeatIteration" value="0" />
                  </properties>
                </test-case>
                <test-case id="1041" name="RatHostPrototypeScene_ToxicWaterRiskZoneOverlapRaisesHudFeedback" fullname="LastHost.Prototype.Tests.EditMode.RatHostPrototypeCoreTests.RatHostPrototypeScene_ToxicWaterRiskZoneOverlapRaisesHudFeedback" methodname="RatHostPrototypeScene_ToxicWaterRiskZoneOverlapRaisesHudFeedback" classname="LastHost.Prototype.Tests.EditMode.RatHostPrototypeCoreTests" runstate="Runnable" seed="1838896952" result="Passed" start-time="2026-07-07 09:07:25Z" end-time="2026-07-07 09:07:26Z" duration="0.429062" asserts="0">
                  <properties>
                    <property name="retryIteration" value="0" />
                    <property name="repeatIteration" value="0" />
                  </properties>
                </test-case>
                <test-case id="1040" name="RatHostPrototypeScene_ToxicWaterRiskZoneSupportsCharacterControllerTriggerDelivery" fullname="LastHost.Prototype.Tests.EditMode.RatHostPrototypeCoreTests.RatHostPrototypeScene_ToxicWaterRiskZoneSupportsCharacterControllerTriggerDelivery" methodname="RatHostPrototypeScene_ToxicWaterRiskZoneSupportsCharacterControllerTriggerDelivery" classname="LastHost.Prototype.Tests.EditMode.RatHostPrototypeCoreTests" runstate="Runnable" seed="152441217" result="Passed" start-time="2026-07-07 09:07:26Z" end-time="2026-07-07 09:07:26Z" duration="0.436857" asserts="0">
                  <properties>
                    <property name="retryIteration" value="0" />
                    <property name="repeatIteration" value="0" />
                  </properties>
                </test-case>
                <test-case id="1025" name="Session_ClearsRiskPromptWhenFeedbackAlertEntersVirusMode" fullname="LastHost.Prototype.Tests.EditMode.RatHostPrototypeCoreTests.Session_ClearsRiskPromptWhenFeedbackAlertEntersVirusMode" methodname="Session_ClearsRiskPromptWhenFeedbackAlertEntersVirusMode" classname="LastHost.Prototype.Tests.EditMode.RatHostPrototypeCoreTests" runstate="Runnable" seed="1559925865" result="Passed" start-time="2026-07-07 09:07:26Z" end-time="2026-07-07 09:07:26Z" duration="0.000332" asserts="0">
                  <properties>
                    <property name="retryIteration" value="0" />
                    <property name="repeatIteration" value="0" />
                  </properties>
                </test-case>
                <test-case id="1007" name="Session_ConfiguredBaseAlertMovesFromRatModeToVirusMode" fullname="LastHost.Prototype.Tests.EditMode.RatHostPrototypeCoreTests.Session_ConfiguredBaseAlertMovesFromRatModeToVirusMode" methodname="Session_ConfiguredBaseAlertMovesFromRatModeToVirusMode" classname="LastHost.Prototype.Tests.EditMode.RatHostPrototypeCoreTests" runstate="Runnable" seed="2057867243" result="Passed" start-time="2026-07-07 09:07:26Z" end-time="2026-07-07 09:07:26Z" duration="0.000056" asserts="0">
                  <properties>
                    <property name="retryIteration" value="0" />
                    <property name="repeatIteration" value="0" />
                  </properties>
                </test-case>
                <test-case id="1013" name="Session_ContinuousImmuneAlertFeedbackAccumulatesSmallSameCauseDeltas" fullname="LastHost.Prototype.Tests.EditMode.RatHostPrototypeCoreTests.Session_ContinuousImmuneAlertFeedbackAccumulatesSmallSameCauseDeltas" methodname="Session_ContinuousImmuneAlertFeedbackAccumulatesSmallSameCauseDeltas" classname="LastHost.Prototype.Tests.EditMode.RatHostPrototypeCoreTests" runstate="Runnable" seed="610839178" result="Passed" start-time="2026-07-07 09:07:26Z" end-time="2026-07-07 09:07:26Z" duration="0.000034" asserts="0">
                  <properties>
                    <property name="retryIteration" value="0" />
                    <property name="repeatIteration" value="0" />
                  </properties>
                </test-case>
                <test-case id="1006" name="Session_DefaultRatModeTickDoesNotRaiseImmuneAlert" fullname="LastHost.Prototype.Tests.EditMode.RatHostPrototypeCoreTests.Session_DefaultRatModeTickDoesNotRaiseImmuneAlert" methodname="Session_DefaultRatModeTickDoesNotRaiseImmuneAlert" classname="LastHost.Prototype.Tests.EditMode.RatHostPrototypeCoreTests" runstate="Runnable" seed="654174697" result="Passed" start-time="2026-07-07 09:07:26Z" end-time="2026-07-07 09:07:26Z" duration="0.000031" asserts="0">
                  <properties>
                    <property name="retryIteration" value="0" />
                    <property name="repeatIteration" value="0" />
                  </properties>
                </test-case>
                <test-case id="1009" name="Session_FailedVirusRunCanRetryWithoutLeavingVirusMode" fullname="LastHost.Prototype.Tests.EditMode.RatHostPrototypeCoreTests.Session_FailedVirusRunCanRetryWithoutLeavingVirusMode" methodname="Session_FailedVirusRunCanRetryWithoutLeavingVirusMode" classname="LastHost.Prototype.Tests.EditMode.RatHostPrototypeCoreTests" runstate="Runnable" seed="1760196315" result="Passed" start-time="2026-07-07 09:07:26Z" end-time="2026-07-07 09:07:26Z" duration="0.000032" asserts="0">
                  <properties>
                    <property name="retryIteration" value="0" />
                    <property name="repeatIteration" value="0" />
                  </properties>
                </test-case>
                <test-case id="1023" name="Session_ImmuneAlertFeedbackExpiresAfterConfiguredRatModeTime" fullname="LastHost.Prototype.Tests.EditMode.RatHostPrototypeCoreTests.Session_ImmuneAlertFeedbackExpiresAfterConfiguredRatModeTime" methodname="Session_ImmuneAlertFeedbackExpiresAfterConfiguredRatModeTime" classname="LastHost.Prototype.Tests.EditMode.RatHostPrototypeCoreTests" runstate="Runnable" seed="702489316" result="Passed" start-time="2026-07-07 09:07:26Z" end-time="2026-07-07 09:07:26Z" duration="0.000026" asserts="0">
                  <properties>
                    <property name="retryIteration" value="0" />
                    <property name="repeatIteration" value="0" />
                  </properties>
                </test-case>
                <test-case id="1012" name="Session_NoisyPipeRiskAlertStoresCauseFeedbackAndActualDelta" fullname="LastHost.Prototype.Tests.EditMode.RatHostPrototypeCoreTests.Session_NoisyPipeRiskAlertStoresCauseFeedbackAndActualDelta" methodname="Session_NoisyPipeRiskAlertStoresCauseFeedbackAndActualDelta" classname="LastHost.Prototype.Tests.EditMode.RatHostPrototypeCoreTests" runstate="Runnable" seed="266732613" result="Passed" start-time="2026-07-07 09:07:26Z" end-time="2026-07-07 09:07:26Z" duration="0.000087" asserts="0">
                  <properties>
                    <property name="retryIteration" value="0" />
                    <property name="repeatIteration" value="0" />
                  </properties>
                </test-case>
                <test-case id="1011" name="Session_RatRiskInteractionAffordanceRequiresReadablePrompt" fullname="LastHost.Prototype.Tests.EditMode.RatHostPrototypeCoreTests.Session_RatRiskInteractionAffordanceRequiresReadablePrompt" methodname="Session_RatRiskInteractionAffordanceRequiresReadablePrompt" classname="LastHost.Prototype.Tests.EditMode.RatHostPrototypeCoreTests" runstate="Runnable" seed="1290009664" result="Passed" start-time="2026-07-07 09:07:26Z" end-time="2026-07-07 09:07:26Z" duration="0.000030" asserts="0">
                  <properties>
                    <property name="retryIteration" value="0" />
                    <property name="repeatIteration" value="0" />
                  </properties>
                </test-case>
                <test-case id="1010" name="Session_RatRiskInteractionAffordanceTracksPromptAndCanClear" fullname="LastHost.Prototype.Tests.EditMode.RatHostPrototypeCoreTests.Session_RatRiskInteractionAffordanceTracksPromptAndCanClear" methodname="Session_RatRiskInteractionAffordanceTracksPromptAndCanClear" classname="LastHost.Prototype.Tests.EditMode.RatHostPrototypeCoreTests" runstate="Runnable" seed="5985579" result="Passed" start-time="2026-07-07 09:07:26Z" end-time="2026-07-07 09:07:26Z" duration="0.000028" asserts="0">
                  <properties>
                    <property name="retryIteration" value="0" />
                    <property name="repeatIteration" value="0" />
                  </properties>
                </test-case>
                <test-case id="1008" name="Session_SuccessThenMutationSelection_ReturnsToRatModeWithMutationEffect" fullname="LastHost.Prototype.Tests.EditMode.RatHostPrototypeCoreTests.Session_SuccessThenMutationSelection_ReturnsToRatModeWithMutationEffect" methodname="Session_SuccessThenMutationSelection_ReturnsToRatModeWithMutationEffect" classname="LastHost.Prototype.Tests.EditMode.RatHostPrototypeCoreTests" runstate="Runnable" seed="1737554313" result="Passed" start-time="2026-07-07 09:07:26Z" end-time="2026-07-07 09:07:26Z" duration="0.000031" asserts="0">
                  <properties>
                    <property name="retryIteration" value="0" />
                    <property name="repeatIteration" value="0" />
                  </properties>
                </test-case>
                <test-case id="1005" name="VirusMinigame_RetryRestoresStabilityAndFragmentCount" fullname="LastHost.Prototype.Tests.EditMode.RatHostPrototypeCoreTests.VirusMinigame_RetryRestoresStabilityAndFragmentCount" methodname="VirusMinigame_RetryRestoresStabilityAndFragmentCount" classname="LastHost.Prototype.Tests.EditMode.RatHostPrototypeCoreTests" runstate="Runnable" seed="989545698" result="Passed" start-time="2026-07-07 09:07:26Z" end-time="2026-07-07 09:07:26Z" duration="0.000047" asserts="0">
                  <properties>
                    <property name="retryIteration" value="0" />
                    <property name="repeatIteration" value="0" />
                  </properties>
                </test-case>
                <test-case id="1004" name="VirusMinigame_SuccessBeatsFailure_WhenSameFrameCollectsFinalFragmentAndTakesHit" fullname="LastHost.Prototype.Tests.EditMode.RatHostPrototypeCoreTests.VirusMinigame_SuccessBeatsFailure_WhenSameFrameCollectsFinalFragmentAndTakesHit" methodname="VirusMinigame_SuccessBeatsFailure_WhenSameFrameCollectsFinalFragmentAndTakesHit" classname="LastHost.Prototype.Tests.EditMode.RatHostPrototypeCoreTests" runstate="Runnable" seed="1443051666" result="Passed" start-time="2026-07-07 09:07:26Z" end-time="2026-07-07 09:07:26Z" duration="0.000032" asserts="0">
                  <properties>
                    <property name="retryIteration" value="0" />
                    <property name="repeatIteration" value="0" />
                  </properties>
                  <output><![CDATA[Saving results to: C:/Users/User/AppData/LocalLow/DefaultCompany/Last Host\TestResults.xml
]]></output>
                </test-case>
              </test-suite>
            </test-suite>
          </test-suite>
        </test-suite>
      </test-suite>
    </test-suite>
  </test-suite>
</test-run>