<?xml version="1.0" encoding="utf-8"?>
<test-run id="2" testcasecount="31" result="Passed" total="31" passed="31" failed="0" inconclusive="0" skipped="0" asserts="0" engine-version="3.5.0.0" clr-version="4.0.30319.42000" start-time="2026-07-03 09:03:14Z" end-time="2026-07-03 09:03:16Z" duration="2.7525065">
  <test-suite type="TestSuite" id="1000" name="Last Host" fullname="Last Host" runstate="Runnable" testcasecount="31" result="Passed" start-time="2026-07-03 09:03:14Z" end-time="2026-07-03 09:03:16Z" duration="2.752507" total="31" passed="31" failed="0" inconclusive="0" skipped="0" asserts="0">
    <properties>
      <property name="platform" value="EditMode" />
    </properties>
    <test-suite type="Assembly" id="1033" name="LastHost.Prototype.Tests.dll" fullname="C:/Users/User/AppData/Local/Temp/LastHost_UnityProject_Test_20260703_contamination_zone/Library/ScriptAssemblies/LastHost.Prototype.Tests.dll" runstate="Runnable" testcasecount="31" result="Passed" start-time="2026-07-03 09:03:14Z" end-time="2026-07-03 09:03:16Z" duration="2.743149" total="31" passed="31" failed="0" inconclusive="0" skipped="0" asserts="0">
      <properties>
        <property name="_PID" value="104300" />
        <property name="_APPDOMAIN" value="Unity Child Domain" />
        <property name="platform" value="EditMode" />
        <property name="EditorOnly" value="True" />
      </properties>
      <test-suite type="TestSuite" id="1034" name="LastHost" fullname="LastHost" runstate="Runnable" testcasecount="31" result="Passed" start-time="2026-07-03 09:03:14Z" end-time="2026-07-03 09:03:16Z" duration="2.742170" total="31" passed="31" failed="0" inconclusive="0" skipped="0" asserts="0">
        <properties />
        <test-suite type="TestSuite" id="1035" name="Prototype" fullname="LastHost.Prototype" runstate="Runnable" testcasecount="31" result="Passed" start-time="2026-07-03 09:03:14Z" end-time="2026-07-03 09:03:16Z" duration="2.741547" total="31" passed="31" failed="0" inconclusive="0" skipped="0" asserts="0">
          <properties />
          <test-suite type="TestSuite" id="1036" name="Tests" fullname="LastHost.Prototype.Tests" runstate="Runnable" testcasecount="31" result="Passed" start-time="2026-07-03 09:03:14Z" end-time="2026-07-03 09:03:16Z" duration="2.740933" total="31" passed="31" failed="0" inconclusive="0" skipped="0" asserts="0">
            <properties />
            <test-suite type="TestSuite" id="1037" name="EditMode" fullname="LastHost.Prototype.Tests.EditMode" runstate="Runnable" testcasecount="31" result="Passed" start-time="2026-07-03 09:03:14Z" end-time="2026-07-03 09:03:16Z" duration="2.740262" total="31" passed="31" failed="0" inconclusive="0" skipped="0" asserts="0">
              <properties />
              <test-suite type="TestFixture" id="1001" name="RatHostPrototypeCoreTests" fullname="LastHost.Prototype.Tests.EditMode.RatHostPrototypeCoreTests" classname="LastHost.Prototype.Tests.EditMode.RatHostPrototypeCoreTests" runstate="Runnable" testcasecount="31" result="Passed" start-time="2026-07-03 09:03:14Z" end-time="2026-07-03 09:03:16Z" duration="2.738053" total="31" passed="31" failed="0" inconclusive="0" skipped="0" asserts="0">
                <properties />
                <test-case id="1002" name="ImmuneAlert_ReachesThresholdOnce_AndCanResetForNextLoop" fullname="LastHost.Prototype.Tests.EditMode.RatHostPrototypeCoreTests.ImmuneAlert_ReachesThresholdOnce_AndCanResetForNextLoop" methodname="ImmuneAlert_ReachesThresholdOnce_AndCanResetForNextLoop" classname="LastHost.Prototype.Tests.EditMode.RatHostPrototypeCoreTests" runstate="Runnable" seed="1101620823" result="Passed" start-time="2026-07-03 09:03:14Z" end-time="2026-07-03 09:03:14Z" duration="0.018311" asserts="0">
                  <properties>
                    <property name="retryIteration" value="0" />
                    <property name="repeatIteration" value="0" />
                  </properties>
                </test-case>
                <test-case id="1014" name="ImmuneRiskZone_NonRatStayDoesNotChangeImmuneAlertOrHostHealth" fullname="LastHost.Prototype.Tests.EditMode.RatHostPrototypeCoreTests.ImmuneRiskZone_NonRatStayDoesNotChangeImmuneAlertOrHostHealth" methodname="ImmuneRiskZone_NonRatStayDoesNotChangeImmuneAlertOrHostHealth" classname="LastHost.Prototype.Tests.EditMode.RatHostPrototypeCoreTests" runstate="Runnable" seed="1925311660" result="Passed" start-time="2026-07-03 09:03:14Z" end-time="2026-07-03 09:03:14Z" duration="0.005317" asserts="0">
                  <properties>
                    <property name="retryIteration" value="0" />
                    <property name="repeatIteration" value="0" />
                  </properties>
                </test-case>
                <test-case id="1013" name="ImmuneRiskZone_RatStayStoresContaminationFeedbackAndActualDelta" fullname="LastHost.Prototype.Tests.EditMode.RatHostPrototypeCoreTests.ImmuneRiskZone_RatStayStoresContaminationFeedbackAndActualDelta" methodname="ImmuneRiskZone_RatStayStoresContaminationFeedbackAndActualDelta" classname="LastHost.Prototype.Tests.EditMode.RatHostPrototypeCoreTests" runstate="Runnable" seed="650744397" result="Passed" start-time="2026-07-03 09:03:14Z" end-time="2026-07-03 09:03:14Z" duration="0.001674" asserts="0">
                  <properties>
                    <property name="retryIteration" value="0" />
                    <property name="repeatIteration" value="0" />
                  </properties>
                </test-case>
                <test-case id="1003" name="MutationLoadout_AppliesPrototypeEffects" fullname="LastHost.Prototype.Tests.EditMode.RatHostPrototypeCoreTests.MutationLoadout_AppliesPrototypeEffects" methodname="MutationLoadout_AppliesPrototypeEffects" classname="LastHost.Prototype.Tests.EditMode.RatHostPrototypeCoreTests" runstate="Runnable" seed="1392962676" result="Passed" start-time="2026-07-03 09:03:14Z" end-time="2026-07-03 09:03:14Z" duration="0.004835" asserts="0">
                  <properties>
                    <property name="retryIteration" value="0" />
                    <property name="repeatIteration" value="0" />
                  </properties>
                </test-case>
                <test-case id="1025" name="PrototypeCameraController_CyclesThroughThirdPersonQuarterViewAndTopView" fullname="LastHost.Prototype.Tests.EditMode.RatHostPrototypeCoreTests.PrototypeCameraController_CyclesThroughThirdPersonQuarterViewAndTopView" methodname="PrototypeCameraController_CyclesThroughThirdPersonQuarterViewAndTopView" classname="LastHost.Prototype.Tests.EditMode.RatHostPrototypeCoreTests" runstate="Runnable" seed="1714676181" result="Passed" start-time="2026-07-03 09:03:14Z" end-time="2026-07-03 09:03:14Z" duration="0.006183" asserts="0">
                  <properties>
                    <property name="retryIteration" value="0" />
                    <property name="repeatIteration" value="0" />
                  </properties>
                </test-case>
                <test-case id="1026" name="PrototypeCameraController_QuarterViewUsesLeftRearDominantCameraAxis" fullname="LastHost.Prototype.Tests.EditMode.RatHostPrototypeCoreTests.PrototypeCameraController_QuarterViewUsesLeftRearDominantCameraAxis" methodname="PrototypeCameraController_QuarterViewUsesLeftRearDominantCameraAxis" classname="LastHost.Prototype.Tests.EditMode.RatHostPrototypeCoreTests" runstate="Runnable" seed="1920736233" result="Passed" start-time="2026-07-03 09:03:14Z" end-time="2026-07-03 09:03:14Z" duration="0.001537" asserts="0">
                  <properties>
                    <property name="retryIteration" value="0" />
                    <property name="repeatIteration" value="0" />
                  </properties>
                </test-case>
                <test-case id="1028" name="PrototypeCameraController_ThirdPersonDoesNotOrbitWhenRatTurns" fullname="LastHost.Prototype.Tests.EditMode.RatHostPrototypeCoreTests.PrototypeCameraController_ThirdPersonDoesNotOrbitWhenRatTurns" methodname="PrototypeCameraController_ThirdPersonDoesNotOrbitWhenRatTurns" classname="LastHost.Prototype.Tests.EditMode.RatHostPrototypeCoreTests" runstate="Runnable" seed="1243404522" result="Passed" start-time="2026-07-03 09:03:14Z" end-time="2026-07-03 09:03:14Z" duration="0.001814" asserts="0">
                  <properties>
                    <property name="retryIteration" value="0" />
                    <property name="repeatIteration" value="0" />
                  </properties>
                </test-case>
                <test-case id="1027" name="PrototypeCameraController_TopViewLooksStraightDown" fullname="LastHost.Prototype.Tests.EditMode.RatHostPrototypeCoreTests.PrototypeCameraController_TopViewLooksStraightDown" methodname="PrototypeCameraController_TopViewLooksStraightDown" classname="LastHost.Prototype.Tests.EditMode.RatHostPrototypeCoreTests" runstate="Runnable" seed="1925811860" result="Passed" start-time="2026-07-03 09:03:14Z" end-time="2026-07-03 09:03:14Z" duration="0.000663" asserts="0">
                  <properties>
                    <property name="retryIteration" value="0" />
                    <property name="repeatIteration" value="0" />
                  </properties>
                </test-case>
                <test-case id="1017" name="PrototypeHud_ReturnsToRiskPromptAfterImmuneAlertFeedbackExpires" fullname="LastHost.Prototype.Tests.EditMode.RatHostPrototypeCoreTests.PrototypeHud_ReturnsToRiskPromptAfterImmuneAlertFeedbackExpires" methodname="PrototypeHud_ReturnsToRiskPromptAfterImmuneAlertFeedbackExpires" classname="LastHost.Prototype.Tests.EditMode.RatHostPrototypeCoreTests" runstate="Runnable" seed="24144903" result="Passed" start-time="2026-07-03 09:03:14Z" end-time="2026-07-03 09:03:14Z" duration="0.026256" asserts="0">
                  <properties>
                    <property name="retryIteration" value="0" />
                    <property name="repeatIteration" value="0" />
                  </properties>
                </test-case>
                <test-case id="1015" name="PrototypeHud_ShowsImmuneAlertCauseFeedbackBeforeRatObjective" fullname="LastHost.Prototype.Tests.EditMode.RatHostPrototypeCoreTests.PrototypeHud_ShowsImmuneAlertCauseFeedbackBeforeRatObjective" methodname="PrototypeHud_ShowsImmuneAlertCauseFeedbackBeforeRatObjective" classname="LastHost.Prototype.Tests.EditMode.RatHostPrototypeCoreTests" runstate="Runnable" seed="1642385293" result="Passed" start-time="2026-07-03 09:03:14Z" end-time="2026-07-03 09:03:14Z" duration="0.001128" asserts="0">
                  <properties>
                    <property name="retryIteration" value="0" />
                    <property name="repeatIteration" value="0" />
                  </properties>
                </test-case>
                <test-case id="1019" name="PrototypeHud_ShowsRiskInteractionPromptWhenRatCanInteract" fullname="LastHost.Prototype.Tests.EditMode.RatHostPrototypeCoreTests.PrototypeHud_ShowsRiskInteractionPromptWhenRatCanInteract" methodname="PrototypeHud_ShowsRiskInteractionPromptWhenRatCanInteract" classname="LastHost.Prototype.Tests.EditMode.RatHostPrototypeCoreTests" runstate="Runnable" seed="207541824" result="Passed" start-time="2026-07-03 09:03:14Z" end-time="2026-07-03 09:03:14Z" duration="0.000805" asserts="0">
                  <properties>
                    <property name="retryIteration" value="0" />
                    <property name="repeatIteration" value="0" />
                  </properties>
                </test-case>
                <test-case id="1024" name="PrototypeKeyboardInput_ComposesCameraRelativeMovement" fullname="LastHost.Prototype.Tests.EditMode.RatHostPrototypeCoreTests.PrototypeKeyboardInput_ComposesCameraRelativeMovement" methodname="PrototypeKeyboardInput_ComposesCameraRelativeMovement" classname="LastHost.Prototype.Tests.EditMode.RatHostPrototypeCoreTests" runstate="Runnable" seed="644591553" result="Passed" start-time="2026-07-03 09:03:14Z" end-time="2026-07-03 09:03:14Z" duration="0.001711" asserts="0">
                  <properties>
                    <property name="retryIteration" value="0" />
                    <property name="repeatIteration" value="0" />
                  </properties>
                </test-case>
                <test-case id="1020" name="PrototypeKeyboardInput_ComposesNormalizedMovement" fullname="LastHost.Prototype.Tests.EditMode.RatHostPrototypeCoreTests.PrototypeKeyboardInput_ComposesNormalizedMovement" methodname="PrototypeKeyboardInput_ComposesNormalizedMovement" classname="LastHost.Prototype.Tests.EditMode.RatHostPrototypeCoreTests" runstate="Runnable" seed="1481579299" result="Passed" start-time="2026-07-03 09:03:14Z" end-time="2026-07-03 09:03:14Z" duration="0.000333" asserts="0">
                  <properties>
                    <property name="retryIteration" value="0" />
                    <property name="repeatIteration" value="0" />
                  </properties>
                </test-case>
                <test-case id="1022" name="PrototypeKeyboardInput_MapsCameraToggleKey" fullname="LastHost.Prototype.Tests.EditMode.RatHostPrototypeCoreTests.PrototypeKeyboardInput_MapsCameraToggleKey" methodname="PrototypeKeyboardInput_MapsCameraToggleKey" classname="LastHost.Prototype.Tests.EditMode.RatHostPrototypeCoreTests" runstate="Runnable" seed="1178835964" result="Passed" start-time="2026-07-03 09:03:14Z" end-time="2026-07-03 09:03:14Z" duration="0.000183" asserts="0">
                  <properties>
                    <property name="retryIteration" value="0" />
                    <property name="repeatIteration" value="0" />
                  </properties>
                </test-case>
                <test-case id="1023" name="PrototypeKeyboardInput_MapsInteractKey" fullname="LastHost.Prototype.Tests.EditMode.RatHostPrototypeCoreTests.PrototypeKeyboardInput_MapsInteractKey" methodname="PrototypeKeyboardInput_MapsInteractKey" classname="LastHost.Prototype.Tests.EditMode.RatHostPrototypeCoreTests" runstate="Runnable" seed="1370305160" result="Passed" start-time="2026-07-03 09:03:14Z" end-time="2026-07-03 09:03:14Z" duration="0.000163" asserts="0">
                  <properties>
                    <property name="retryIteration" value="0" />
                    <property name="repeatIteration" value="0" />
                  </properties>
                </test-case>
                <test-case id="1021" name="PrototypeKeyboardInput_MapsMutationSelectionKeys" fullname="LastHost.Prototype.Tests.EditMode.RatHostPrototypeCoreTests.PrototypeKeyboardInput_MapsMutationSelectionKeys" methodname="PrototypeKeyboardInput_MapsMutationSelectionKeys" classname="LastHost.Prototype.Tests.EditMode.RatHostPrototypeCoreTests" runstate="Runnable" seed="1532953358" result="Passed" start-time="2026-07-03 09:03:14Z" end-time="2026-07-03 09:03:14Z" duration="0.000420" asserts="0">
                  <properties>
                    <property name="retryIteration" value="0" />
                    <property name="repeatIteration" value="0" />
                  </properties>
                </test-case>
                <test-case id="1030" name="RatHostPrototypeScene_DefaultsToThirdPersonCameraController" fullname="LastHost.Prototype.Tests.EditMode.RatHostPrototypeCoreTests.RatHostPrototypeScene_DefaultsToThirdPersonCameraController" methodname="RatHostPrototypeScene_DefaultsToThirdPersonCameraController" classname="LastHost.Prototype.Tests.EditMode.RatHostPrototypeCoreTests" runstate="Runnable" seed="1943228411" result="Passed" start-time="2026-07-03 09:03:14Z" end-time="2026-07-03 09:03:14Z" duration="0.688320" asserts="0">
                  <properties>
                    <property name="retryIteration" value="0" />
                    <property name="repeatIteration" value="0" />
                  </properties>
                </test-case>
                <test-case id="1032" name="RatHostPrototypeScene_NoisyPipeIncludesReadablePipeValveMarkers" fullname="LastHost.Prototype.Tests.EditMode.RatHostPrototypeCoreTests.RatHostPrototypeScene_NoisyPipeIncludesReadablePipeValveMarkers" methodname="RatHostPrototypeScene_NoisyPipeIncludesReadablePipeValveMarkers" classname="LastHost.Prototype.Tests.EditMode.RatHostPrototypeCoreTests" runstate="Runnable" seed="1113906384" result="Passed" start-time="2026-07-03 09:03:14Z" end-time="2026-07-03 09:03:15Z" duration="0.725696" asserts="0">
                  <properties>
                    <property name="retryIteration" value="0" />
                    <property name="repeatIteration" value="0" />
                  </properties>
                </test-case>
                <test-case id="1031" name="RatHostPrototypeScene_QuarterViewOffsetUsesLeftRearDominantCameraAxis" fullname="LastHost.Prototype.Tests.EditMode.RatHostPrototypeCoreTests.RatHostPrototypeScene_QuarterViewOffsetUsesLeftRearDominantCameraAxis" methodname="RatHostPrototypeScene_QuarterViewOffsetUsesLeftRearDominantCameraAxis" classname="LastHost.Prototype.Tests.EditMode.RatHostPrototypeCoreTests" runstate="Runnable" seed="1996021913" result="Passed" start-time="2026-07-03 09:03:15Z" end-time="2026-07-03 09:03:16Z" duration="0.659193" asserts="0">
                  <properties>
                    <property name="retryIteration" value="0" />
                    <property name="repeatIteration" value="0" />
                  </properties>
                </test-case>
                <test-case id="1029" name="RatHostPrototypeScene_StartsWithRatVisibleToCamera" fullname="LastHost.Prototype.Tests.EditMode.RatHostPrototypeCoreTests.RatHostPrototypeScene_StartsWithRatVisibleToCamera" methodname="RatHostPrototypeScene_StartsWithRatVisibleToCamera" classname="LastHost.Prototype.Tests.EditMode.RatHostPrototypeCoreTests" runstate="Runnable" seed="2063860961" result="Passed" start-time="2026-07-03 09:03:16Z" end-time="2026-07-03 09:03:16Z" duration="0.564075" asserts="0">
                  <properties>
                    <property name="retryIteration" value="0" />
                    <property name="repeatIteration" value="0" />
                  </properties>
                </test-case>
                <test-case id="1018" name="Session_ClearsRiskPromptWhenFeedbackAlertEntersVirusMode" fullname="LastHost.Prototype.Tests.EditMode.RatHostPrototypeCoreTests.Session_ClearsRiskPromptWhenFeedbackAlertEntersVirusMode" methodname="Session_ClearsRiskPromptWhenFeedbackAlertEntersVirusMode" classname="LastHost.Prototype.Tests.EditMode.RatHostPrototypeCoreTests" runstate="Runnable" seed="1702897601" result="Passed" start-time="2026-07-03 09:03:16Z" end-time="2026-07-03 09:03:16Z" duration="0.001305" asserts="0">
                  <properties>
                    <property name="retryIteration" value="0" />
                    <property name="repeatIteration" value="0" />
                  </properties>
                </test-case>
                <test-case id="1007" name="Session_ConfiguredBaseAlertMovesFromRatModeToVirusMode" fullname="LastHost.Prototype.Tests.EditMode.RatHostPrototypeCoreTests.Session_ConfiguredBaseAlertMovesFromRatModeToVirusMode" methodname="Session_ConfiguredBaseAlertMovesFromRatModeToVirusMode" classname="LastHost.Prototype.Tests.EditMode.RatHostPrototypeCoreTests" runstate="Runnable" seed="1506564573" result="Passed" start-time="2026-07-03 09:03:16Z" end-time="2026-07-03 09:03:16Z" duration="0.000615" asserts="0">
                  <properties>
                    <property name="retryIteration" value="0" />
                    <property name="repeatIteration" value="0" />
                  </properties>
                </test-case>
                <test-case id="1006" name="Session_DefaultRatModeTickDoesNotRaiseImmuneAlert" fullname="LastHost.Prototype.Tests.EditMode.RatHostPrototypeCoreTests.Session_DefaultRatModeTickDoesNotRaiseImmuneAlert" methodname="Session_DefaultRatModeTickDoesNotRaiseImmuneAlert" classname="LastHost.Prototype.Tests.EditMode.RatHostPrototypeCoreTests" runstate="Runnable" seed="1870952870" result="Passed" start-time="2026-07-03 09:03:16Z" end-time="2026-07-03 09:03:16Z" duration="0.000260" asserts="0">
                  <properties>
                    <property name="retryIteration" value="0" />
                    <property name="repeatIteration" value="0" />
                  </properties>
                </test-case>
                <test-case id="1009" name="Session_FailedVirusRunCanRetryWithoutLeavingVirusMode" fullname="LastHost.Prototype.Tests.EditMode.RatHostPrototypeCoreTests.Session_FailedVirusRunCanRetryWithoutLeavingVirusMode" methodname="Session_FailedVirusRunCanRetryWithoutLeavingVirusMode" classname="LastHost.Prototype.Tests.EditMode.RatHostPrototypeCoreTests" runstate="Runnable" seed="1000402245" result="Passed" start-time="2026-07-03 09:03:16Z" end-time="2026-07-03 09:03:16Z" duration="0.000739" asserts="0">
                  <properties>
                    <property name="retryIteration" value="0" />
                    <property name="repeatIteration" value="0" />
                  </properties>
                </test-case>
                <test-case id="1016" name="Session_ImmuneAlertFeedbackExpiresAfterConfiguredRatModeTime" fullname="LastHost.Prototype.Tests.EditMode.RatHostPrototypeCoreTests.Session_ImmuneAlertFeedbackExpiresAfterConfiguredRatModeTime" methodname="Session_ImmuneAlertFeedbackExpiresAfterConfiguredRatModeTime" classname="LastHost.Prototype.Tests.EditMode.RatHostPrototypeCoreTests" runstate="Runnable" seed="1913459337" result="Passed" start-time="2026-07-03 09:03:16Z" end-time="2026-07-03 09:03:16Z" duration="0.000218" asserts="0">
                  <properties>
                    <property name="retryIteration" value="0" />
                    <property name="repeatIteration" value="0" />
                  </properties>
                </test-case>
                <test-case id="1012" name="Session_NoisyPipeRiskAlertStoresCauseFeedbackAndActualDelta" fullname="LastHost.Prototype.Tests.EditMode.RatHostPrototypeCoreTests.Session_NoisyPipeRiskAlertStoresCauseFeedbackAndActualDelta" methodname="Session_NoisyPipeRiskAlertStoresCauseFeedbackAndActualDelta" classname="LastHost.Prototype.Tests.EditMode.RatHostPrototypeCoreTests" runstate="Runnable" seed="1277779345" result="Passed" start-time="2026-07-03 09:03:16Z" end-time="2026-07-03 09:03:16Z" duration="0.000407" asserts="0">
                  <properties>
                    <property name="retryIteration" value="0" />
                    <property name="repeatIteration" value="0" />
                  </properties>
                </test-case>
                <test-case id="1011" name="Session_RatRiskInteractionAffordanceRequiresReadablePrompt" fullname="LastHost.Prototype.Tests.EditMode.RatHostPrototypeCoreTests.Session_RatRiskInteractionAffordanceRequiresReadablePrompt" methodname="Session_RatRiskInteractionAffordanceRequiresReadablePrompt" classname="LastHost.Prototype.Tests.EditMode.RatHostPrototypeCoreTests" runstate="Runnable" seed="14521806" result="Passed" start-time="2026-07-03 09:03:16Z" end-time="2026-07-03 09:03:16Z" duration="0.000241" asserts="0">
                  <properties>
                    <property name="retryIteration" value="0" />
                    <property name="repeatIteration" value="0" />
                  </properties>
                </test-case>
                <test-case id="1010" name="Session_RatRiskInteractionAffordanceTracksPromptAndCanClear" fullname="LastHost.Prototype.Tests.EditMode.RatHostPrototypeCoreTests.Session_RatRiskInteractionAffordanceTracksPromptAndCanClear" methodname="Session_RatRiskInteractionAffordanceTracksPromptAndCanClear" classname="LastHost.Prototype.Tests.EditMode.RatHostPrototypeCoreTests" runstate="Runnable" seed="491821853" result="Passed" start-time="2026-07-03 09:03:16Z" end-time="2026-07-03 09:03:16Z" duration="0.000241" asserts="0">
                  <properties>
                    <property name="retryIteration" value="0" />
                    <property name="repeatIteration" value="0" />
                  </properties>
                </test-case>
                <test-case id="1008" name="Session_SuccessThenMutationSelection_ReturnsToRatModeWithMutationEffect" fullname="LastHost.Prototype.Tests.EditMode.RatHostPrototypeCoreTests.Session_SuccessThenMutationSelection_ReturnsToRatModeWithMutationEffect" methodname="Session_SuccessThenMutationSelection_ReturnsToRatModeWithMutationEffect" classname="LastHost.Prototype.Tests.EditMode.RatHostPrototypeCoreTests" runstate="Runnable" seed="930264684" result="Passed" start-time="2026-07-03 09:03:16Z" end-time="2026-07-03 09:03:16Z" duration="0.000469" asserts="0">
                  <properties>
                    <property name="retryIteration" value="0" />
                    <property name="repeatIteration" value="0" />
                  </properties>
                </test-case>
                <test-case id="1005" name="VirusMinigame_RetryRestoresStabilityAndFragmentCount" fullname="LastHost.Prototype.Tests.EditMode.RatHostPrototypeCoreTests.VirusMinigame_RetryRestoresStabilityAndFragmentCount" methodname="VirusMinigame_RetryRestoresStabilityAndFragmentCount" classname="LastHost.Prototype.Tests.EditMode.RatHostPrototypeCoreTests" runstate="Runnable" seed="1765443118" result="Passed" start-time="2026-07-03 09:03:16Z" end-time="2026-07-03 09:03:16Z" duration="0.000305" asserts="0">
                  <properties>
                    <property name="retryIteration" value="0" />
                    <property name="repeatIteration" value="0" />
                  </properties>
                </test-case>
                <test-case id="1004" name="VirusMinigame_SuccessBeatsFailure_WhenSameFrameCollectsFinalFragmentAndTakesHit" fullname="LastHost.Prototype.Tests.EditMode.RatHostPrototypeCoreTests.VirusMinigame_SuccessBeatsFailure_WhenSameFrameCollectsFinalFragmentAndTakesHit" methodname="VirusMinigame_SuccessBeatsFailure_WhenSameFrameCollectsFinalFragmentAndTakesHit" classname="LastHost.Prototype.Tests.EditMode.RatHostPrototypeCoreTests" runstate="Runnable" seed="111133135" result="Passed" start-time="2026-07-03 09:03:16Z" end-time="2026-07-03 09:03:16Z" duration="0.000312" asserts="0">
                  <properties>
                    <property name="retryIteration" value="0" />
                    <property name="repeatIteration" value="0" />
                  </properties>
                  <output><![CDATA[Saving results to: C:/Users/User/AppData/LocalLow/DefaultCompany/Last Host\TestResults.xml
]]></output>
                </test-case>
              </test-suite>
            </test-suite>
          </test-suite>
        </test-suite>
      </test-suite>
    </test-suite>
  </test-suite>
</test-run>